2019-03-11 08:20:07,630: Total epoch: 10
2019-03-11 08:20:07,630: Learning rate: 0.001, 0.0001, change epoch: 8
2019-03-11 08:20:16,578: Epoch: 0/10, Iteration: 2/9000
2019-03-11 08:20:16,578: loss: 0.756118655204773
2019-03-11 08:20:16,578: classification loss: 0.6902861595153809
2019-03-11 08:20:16,578: vertical regression loss: 0.017402229830622673
2019-03-11 08:20:16,578: side-refinement regression loss: 0.04843024164438248
2019-03-11 08:20:28,619: Epoch: 0/10, Iteration: 3/9000
2019-03-11 08:20:28,619: loss: 0.7425662279129028
2019-03-11 08:20:28,619: classification loss: 0.6933514475822449
2019-03-11 08:20:28,619: vertical regression loss: 0.01663202978670597
2019-03-11 08:20:28,619: side-refinement regression loss: 0.03258275240659714
2019-03-11 08:20:34,255: Epoch: 0/10, Iteration: 4/9000
2019-03-11 08:20:34,255: loss: 0.7516027092933655
2019-03-11 08:20:34,255: classification loss: 0.6929022669792175
2019-03-11 08:20:34,255: vertical regression loss: 0.01746097020804882
2019-03-11 08:20:34,256: side-refinement regression loss: 0.04123948886990547
2019-03-11 08:20:43,576: Epoch: 0/10, Iteration: 5/9000
2019-03-11 08:20:43,576: loss: 0.747673511505127
2019-03-11 08:20:43,576: classification loss: 0.692448079586029
2019-03-11 08:20:43,577: vertical regression loss: 0.01665160432457924
2019-03-11 08:20:43,577: side-refinement regression loss: 0.03857377544045448
2019-03-11 08:20:55,376: Epoch: 0/10, Iteration: 6/9000
2019-03-11 08:20:55,376: loss: 0.7524378895759583
2019-03-11 08:20:55,376: classification loss: 0.6924008131027222
2019-03-11 08:20:55,376: vertical regression loss: 0.016414234414696693
2019-03-11 08:20:55,376: side-refinement regression loss: 0.04362283647060394
2019-03-11 08:21:00,223: Epoch: 0/10, Iteration: 7/9000
2019-03-11 08:21:00,223: loss: 0.766731321811676
2019-03-11 08:21:00,223: classification loss: 0.6927593350410461
2019-03-11 08:21:00,223: vertical regression loss: 0.015278324484825134
2019-03-11 08:21:00,223: side-refinement regression loss: 0.05869365110993385
2019-03-11 08:21:19,341: Epoch: 0/10, Iteration: 8/9000
2019-03-11 08:21:19,341: loss: 0.7495970726013184
2019-03-11 08:21:19,342: classification loss: 0.6941522359848022
2019-03-11 08:21:19,342: vertical regression loss: 0.01735510304570198
2019-03-11 08:21:19,342: side-refinement regression loss: 0.03808976337313652
2019-03-11 08:21:27,763: Epoch: 0/10, Iteration: 9/9000
2019-03-11 08:21:27,763: loss: 0.7452683448791504
2019-03-11 08:21:27,763: classification loss: 0.6929905414581299
2019-03-11 08:21:27,763: vertical regression loss: 0.018201665952801704
2019-03-11 08:21:27,763: side-refinement regression loss: 0.034076180309057236
2019-03-11 08:21:37,295: Epoch: 0/10, Iteration: 10/9000
2019-03-11 08:21:37,296: loss: 0.746964693069458
2019-03-11 08:21:37,296: classification loss: 0.6920565366744995
2019-03-11 08:21:37,296: vertical regression loss: 0.017679935321211815
2019-03-11 08:21:37,296: side-refinement regression loss: 0.03722824901342392
2019-03-11 08:21:44,626: Epoch: 0/10, Iteration: 11/9000
2019-03-11 08:21:44,626: loss: 0.7418358325958252
2019-03-11 08:21:44,627: classification loss: 0.6926723718643188
2019-03-11 08:21:44,627: vertical regression loss: 0.017950253561139107
2019-03-11 08:21:44,627: side-refinement regression loss: 0.031213223934173584
2019-03-11 08:21:50,265: Epoch: 0/10, Iteration: 12/9000
2019-03-11 08:21:50,265: loss: 0.741778552532196
2019-03-11 08:21:50,265: classification loss: 0.692375659942627
2019-03-11 08:21:50,265: vertical regression loss: 0.01692279987037182
2019-03-11 08:21:50,265: side-refinement regression loss: 0.032480135560035706
2019-03-11 08:22:02,325: Epoch: 0/10, Iteration: 13/9000
2019-03-11 08:22:02,325: loss: 0.7459073066711426
2019-03-11 08:22:02,325: classification loss: 0.690788984298706
2019-03-11 08:22:02,325: vertical regression loss: 0.019609520211815834
2019-03-11 08:22:02,326: side-refinement regression loss: 0.035508785396814346
2019-03-11 08:22:14,533: Epoch: 0/10, Iteration: 14/9000
2019-03-11 08:22:14,533: loss: 0.7497705221176147
2019-03-11 08:22:14,533: classification loss: 0.6927791833877563
2019-03-11 08:22:14,533: vertical regression loss: 0.0191497802734375
2019-03-11 08:22:14,534: side-refinement regression loss: 0.03784153610467911
2019-03-11 08:22:24,043: Epoch: 0/10, Iteration: 15/9000
2019-03-11 08:22:24,043: loss: 0.7511123418807983
2019-03-11 08:22:24,043: classification loss: 0.6918553709983826
2019-03-11 08:22:24,043: vertical regression loss: 0.017686793580651283
2019-03-11 08:22:24,044: side-refinement regression loss: 0.04157017543911934
2019-03-11 08:22:30,995: Epoch: 0/10, Iteration: 16/9000
2019-03-11 08:22:30,996: loss: 0.7447816133499146
2019-03-11 08:22:30,996: classification loss: 0.6907060742378235
2019-03-11 08:22:30,996: vertical regression loss: 0.018070658668875694
2019-03-11 08:22:30,996: side-refinement regression loss: 0.036004915833473206
2019-03-11 08:22:37,977: Epoch: 0/10, Iteration: 17/9000
2019-03-11 08:22:37,978: loss: 0.7639948725700378
2019-03-11 08:22:37,978: classification loss: 0.6944823861122131
2019-03-11 08:22:37,978: vertical regression loss: 0.018681470304727554
2019-03-11 08:22:37,978: side-refinement regression loss: 0.05083101987838745
2019-03-11 08:22:42,484: Epoch: 0/10, Iteration: 18/9000
2019-03-11 08:22:42,484: loss: 0.7417234182357788
2019-03-11 08:22:42,484: classification loss: 0.6923244595527649
2019-03-11 08:22:42,484: vertical regression loss: 0.017407920211553574
2019-03-11 08:22:42,484: side-refinement regression loss: 0.031991053372621536
2019-03-11 08:22:46,924: Epoch: 0/10, Iteration: 19/9000
2019-03-11 08:22:46,924: loss: 0.7549854516983032
2019-03-11 08:22:46,924: classification loss: 0.6931242346763611
2019-03-11 08:22:46,925: vertical regression loss: 0.01709829643368721
2019-03-11 08:22:46,925: side-refinement regression loss: 0.04476293548941612
2019-03-11 08:22:56,314: Epoch: 0/10, Iteration: 20/9000
2019-03-11 08:22:56,314: loss: 0.743527352809906
2019-03-11 08:22:56,315: classification loss: 0.6942147612571716
2019-03-11 08:22:56,315: vertical regression loss: 0.019004827365279198
2019-03-11 08:22:56,315: side-refinement regression loss: 0.030307786539196968
2019-03-11 08:23:02,111: Epoch: 0/10, Iteration: 21/9000
2019-03-11 08:23:02,112: loss: 0.7416842579841614
2019-03-11 08:23:02,112: classification loss: 0.6919671297073364
2019-03-11 08:23:02,112: vertical regression loss: 0.015165785327553749
2019-03-11 08:23:02,112: side-refinement regression loss: 0.034551315009593964
2019-03-11 08:23:11,860: Epoch: 0/10, Iteration: 22/9000
2019-03-11 08:23:11,860: loss: 0.7362967133522034
2019-03-11 08:23:11,861: classification loss: 0.692755937576294
2019-03-11 08:23:11,861: vertical regression loss: 0.015599782578647137
2019-03-11 08:23:11,861: side-refinement regression loss: 0.027940984815359116
2019-03-11 08:23:18,366: Epoch: 0/10, Iteration: 23/9000
2019-03-11 08:23:18,366: loss: 0.7540680766105652
2019-03-11 08:23:18,366: classification loss: 0.6941670179367065
2019-03-11 08:23:18,366: vertical regression loss: 0.016007231548428535
2019-03-11 08:23:18,366: side-refinement regression loss: 0.043893810361623764
2019-03-11 08:23:25,245: Epoch: 0/10, Iteration: 24/9000
2019-03-11 08:23:25,246: loss: 0.7379697561264038
2019-03-11 08:23:25,246: classification loss: 0.6896652579307556
2019-03-11 08:23:25,246: vertical regression loss: 0.01857100799679756
2019-03-11 08:23:25,246: side-refinement regression loss: 0.029733505100011826
2019-03-11 08:23:30,641: Epoch: 0/10, Iteration: 25/9000
2019-03-11 08:23:30,642: loss: 0.7503723502159119
2019-03-11 08:23:30,642: classification loss: 0.6910560131072998
2019-03-11 08:23:30,643: vertical regression loss: 0.0170272383838892
2019-03-11 08:23:30,643: side-refinement regression loss: 0.04228908568620682
2019-03-11 08:23:34,017: Epoch: 0/10, Iteration: 26/9000
2019-03-11 08:23:34,018: loss: 0.7509685158729553
2019-03-11 08:23:34,018: classification loss: 0.6893491744995117
2019-03-11 08:23:34,018: vertical regression loss: 0.016072969883680344
2019-03-11 08:23:34,018: side-refinement regression loss: 0.04554637521505356
2019-03-11 08:23:38,702: Epoch: 0/10, Iteration: 27/9000
2019-03-11 08:23:38,702: loss: 0.74509197473526
2019-03-11 08:23:38,703: classification loss: 0.6930437088012695
2019-03-11 08:23:38,703: vertical regression loss: 0.019029540941119194
2019-03-11 08:23:38,703: side-refinement regression loss: 0.033018697053194046
2019-03-11 08:23:45,364: Epoch: 0/10, Iteration: 28/9000
2019-03-11 08:23:45,364: loss: 0.738979160785675
2019-03-11 08:23:45,364: classification loss: 0.6910109519958496
2019-03-11 08:23:45,364: vertical regression loss: 0.018781723454594612
2019-03-11 08:23:45,365: side-refinement regression loss: 0.029186474159359932
2019-03-11 08:23:54,921: Epoch: 0/10, Iteration: 29/9000
2019-03-11 08:23:54,921: loss: 0.7502737641334534
2019-03-11 08:23:54,921: classification loss: 0.6919233798980713
2019-03-11 08:23:54,921: vertical regression loss: 0.01601027138531208
2019-03-11 08:23:54,921: side-refinement regression loss: 0.04234011843800545
2019-03-11 08:24:01,265: Epoch: 0/10, Iteration: 30/9000
2019-03-11 08:24:01,265: loss: 0.7395145893096924
2019-03-11 08:24:01,265: classification loss: 0.6912665367126465
2019-03-11 08:24:01,265: vertical regression loss: 0.017718853428959846
2019-03-11 08:24:01,265: side-refinement regression loss: 0.030529193580150604
2019-03-11 08:24:06,671: Epoch: 0/10, Iteration: 31/9000
2019-03-11 08:24:06,672: loss: 0.7684401273727417
2019-03-11 08:24:06,672: classification loss: 0.6917185187339783
2019-03-11 08:24:06,672: vertical regression loss: 0.017071234062314034
2019-03-11 08:24:06,672: side-refinement regression loss: 0.05965034291148186
2019-03-11 08:24:20,554: Epoch: 0/10, Iteration: 32/9000
2019-03-11 08:24:20,554: loss: 0.7441645264625549
2019-03-11 08:24:20,554: classification loss: 0.6892039179801941
2019-03-11 08:24:20,554: vertical regression loss: 0.019517315551638603
2019-03-11 08:24:20,554: side-refinement regression loss: 0.03544330969452858
2019-03-11 08:24:25,146: Epoch: 0/10, Iteration: 33/9000
2019-03-11 08:24:25,146: loss: 0.7353817820549011
2019-03-11 08:24:25,146: classification loss: 0.6906165480613708
2019-03-11 08:24:25,147: vertical regression loss: 0.016698021441698074
2019-03-11 08:24:25,147: side-refinement regression loss: 0.028067246079444885
2019-03-11 08:24:31,871: Epoch: 0/10, Iteration: 34/9000
2019-03-11 08:24:31,871: loss: 0.7647929191589355
2019-03-11 08:24:31,871: classification loss: 0.6926839351654053
2019-03-11 08:24:31,871: vertical regression loss: 0.016059966757893562
2019-03-11 08:24:31,871: side-refinement regression loss: 0.05604897812008858
2019-03-11 08:24:42,789: Epoch: 0/10, Iteration: 35/9000
2019-03-11 08:24:42,789: loss: 0.743080198764801
2019-03-11 08:24:42,789: classification loss: 0.6899386644363403
2019-03-11 08:24:42,789: vertical regression loss: 0.01578138768672943
2019-03-11 08:24:42,789: side-refinement regression loss: 0.03736012056469917
2019-03-11 08:24:48,316: Epoch: 0/10, Iteration: 36/9000
2019-03-11 08:24:48,316: loss: 0.7441499829292297
2019-03-11 08:24:48,316: classification loss: 0.6903368830680847
2019-03-11 08:24:48,316: vertical regression loss: 0.017956765368580818
2019-03-11 08:24:48,316: side-refinement regression loss: 0.035856280475854874
2019-03-11 08:25:00,645: Epoch: 0/10, Iteration: 37/9000
2019-03-11 08:25:00,645: loss: 0.7514544129371643
2019-03-11 08:25:00,645: classification loss: 0.6896287202835083
2019-03-11 08:25:00,645: vertical regression loss: 0.016698097810149193
2019-03-11 08:25:00,645: side-refinement regression loss: 0.04512757435441017
2019-03-11 08:25:10,175: Epoch: 0/10, Iteration: 38/9000
2019-03-11 08:25:10,175: loss: 0.7545921802520752
2019-03-11 08:25:10,175: classification loss: 0.6889768838882446
2019-03-11 08:25:10,175: vertical regression loss: 0.017761874943971634
2019-03-11 08:25:10,175: side-refinement regression loss: 0.04785340279340744
2019-03-11 08:25:16,030: Epoch: 0/10, Iteration: 39/9000
2019-03-11 08:25:16,030: loss: 0.7527106404304504
2019-03-11 08:25:16,030: classification loss: 0.6870734095573425
2019-03-11 08:25:16,031: vertical regression loss: 0.015124701894819736
2019-03-11 08:25:16,031: side-refinement regression loss: 0.05051252990961075
2019-03-11 08:25:21,932: Epoch: 0/10, Iteration: 40/9000
2019-03-11 08:25:21,932: loss: 0.7543960213661194
2019-03-11 08:25:21,932: classification loss: 0.69016432762146
2019-03-11 08:25:21,932: vertical regression loss: 0.018020374700427055
2019-03-11 08:25:21,932: side-refinement regression loss: 0.046211324632167816
2019-03-11 08:25:27,401: Epoch: 0/10, Iteration: 41/9000
2019-03-11 08:25:27,402: loss: 0.7433638572692871
2019-03-11 08:25:27,402: classification loss: 0.695760190486908
2019-03-11 08:25:27,402: vertical regression loss: 0.018374618142843246
2019-03-11 08:25:27,402: side-refinement regression loss: 0.02922903560101986
2019-03-11 08:25:32,048: Epoch: 0/10, Iteration: 42/9000
2019-03-11 08:25:32,049: loss: 0.7392403483390808
2019-03-11 08:25:32,049: classification loss: 0.688162088394165
2019-03-11 08:25:32,049: vertical regression loss: 0.013576493598520756
2019-03-11 08:25:32,049: side-refinement regression loss: 0.037501756101846695
2019-03-11 08:25:37,974: Epoch: 0/10, Iteration: 43/9000
2019-03-11 08:25:37,975: loss: 0.7452103495597839
2019-03-11 08:25:37,975: classification loss: 0.6902797818183899
2019-03-11 08:25:37,975: vertical regression loss: 0.017780059948563576
2019-03-11 08:25:37,975: side-refinement regression loss: 0.03715049847960472
2019-03-11 08:25:44,986: Epoch: 0/10, Iteration: 44/9000
2019-03-11 08:25:44,987: loss: 0.7462009191513062
2019-03-11 08:25:44,987: classification loss: 0.6883774399757385
2019-03-11 08:25:44,987: vertical regression loss: 0.015555145218968391
2019-03-11 08:25:44,987: side-refinement regression loss: 0.04226831719279289
2019-03-11 08:25:50,875: Epoch: 0/10, Iteration: 45/9000
2019-03-11 08:25:50,876: loss: 0.7452240586280823
2019-03-11 08:25:50,876: classification loss: 0.6915597915649414
2019-03-11 08:25:50,876: vertical regression loss: 0.01564420759677887
2019-03-11 08:25:50,876: side-refinement regression loss: 0.03802007436752319
2019-03-11 08:26:09,617: Epoch: 0/10, Iteration: 46/9000
2019-03-11 08:26:09,618: loss: 0.7535271644592285
2019-03-11 08:26:09,618: classification loss: 0.6927548050880432
2019-03-11 08:26:09,618: vertical regression loss: 0.0195767842233181
2019-03-11 08:26:09,618: side-refinement regression loss: 0.041195571422576904
2019-03-11 08:26:17,102: Epoch: 0/10, Iteration: 47/9000
2019-03-11 08:26:17,102: loss: 0.7398736476898193
2019-03-11 08:26:17,102: classification loss: 0.6878184080123901
2019-03-11 08:26:17,102: vertical regression loss: 0.018121177330613136
2019-03-11 08:26:17,102: side-refinement regression loss: 0.033934086561203
2019-03-11 08:26:28,497: Epoch: 0/10, Iteration: 48/9000
2019-03-11 08:26:28,497: loss: 0.7460839748382568
2019-03-11 08:26:28,497: classification loss: 0.688906192779541
2019-03-11 08:26:28,497: vertical regression loss: 0.017993174493312836
2019-03-11 08:26:28,497: side-refinement regression loss: 0.039184607565402985
2019-03-11 08:26:35,160: Epoch: 0/10, Iteration: 49/9000
2019-03-11 08:26:35,161: loss: 0.7596587538719177
2019-03-11 08:26:35,161: classification loss: 0.6910610795021057
2019-03-11 08:26:35,161: vertical regression loss: 0.02235519140958786
2019-03-11 08:26:35,161: side-refinement regression loss: 0.04624247923493385
2019-03-11 08:26:45,844: Epoch: 0/10, Iteration: 50/9000
2019-03-11 08:26:45,844: loss: 0.7549384832382202
2019-03-11 08:26:45,844: classification loss: 0.6923232078552246
2019-03-11 08:26:45,844: vertical regression loss: 0.016285793855786324
2019-03-11 08:26:45,844: side-refinement regression loss: 0.04632948338985443
2019-03-11 08:26:51,208: Epoch: 0/10, Iteration: 51/9000
2019-03-11 08:26:51,208: loss: 0.753200113773346
2019-03-11 08:26:51,209: classification loss: 0.6863416433334351
2019-03-11 08:26:51,209: vertical regression loss: 0.016032803803682327
2019-03-11 08:26:51,209: side-refinement regression loss: 0.05082564428448677
2019-03-11 08:27:06,761: Epoch: 0/10, Iteration: 53/9000
2019-03-11 08:27:06,761: loss: 0.7602238655090332
2019-03-11 08:27:06,761: classification loss: 0.6867330074310303
2019-03-11 08:27:06,761: vertical regression loss: 0.017987512052059174
2019-03-11 08:27:06,761: side-refinement regression loss: 0.05550339072942734
2019-03-11 08:27:15,816: Epoch: 0/10, Iteration: 54/9000
2019-03-11 08:27:15,816: loss: 0.7483096122741699
2019-03-11 08:27:15,816: classification loss: 0.6872299909591675
2019-03-11 08:27:15,816: vertical regression loss: 0.0163026824593544
2019-03-11 08:27:15,816: side-refinement regression loss: 0.04477694630622864
2019-03-11 08:27:21,997: Epoch: 0/10, Iteration: 55/9000
2019-03-11 08:27:21,998: loss: 0.7491245865821838
2019-03-11 08:27:21,998: classification loss: 0.6932646036148071
2019-03-11 08:27:21,998: vertical regression loss: 0.01969539187848568
2019-03-11 08:27:21,998: side-refinement regression loss: 0.03616457059979439
2019-03-11 08:27:28,070: Epoch: 0/10, Iteration: 56/9000
2019-03-11 08:27:28,070: loss: 0.756589949131012
2019-03-11 08:27:28,070: classification loss: 0.6934240460395813
2019-03-11 08:27:28,070: vertical regression loss: 0.017949596047401428
2019-03-11 08:27:28,070: side-refinement regression loss: 0.04521632194519043
2019-03-11 08:27:37,415: Epoch: 0/10, Iteration: 57/9000
2019-03-11 08:27:37,415: loss: 0.7468152046203613
2019-03-11 08:27:37,415: classification loss: 0.6884852051734924
2019-03-11 08:27:37,415: vertical regression loss: 0.01660177670419216
2019-03-11 08:27:37,415: side-refinement regression loss: 0.041728172451257706
2019-03-11 08:27:55,110: Epoch: 0/10, Iteration: 58/9000
2019-03-11 08:27:55,110: loss: 0.7544370293617249
2019-03-11 08:27:55,110: classification loss: 0.6932709813117981
2019-03-11 08:27:55,110: vertical regression loss: 0.01814558357000351
2019-03-11 08:27:55,110: side-refinement regression loss: 0.04302050173282623
2019-03-11 08:28:03,754: Epoch: 0/10, Iteration: 59/9000
2019-03-11 08:28:03,754: loss: 0.7481069564819336
2019-03-11 08:28:03,754: classification loss: 0.6881545186042786
2019-03-11 08:28:03,754: vertical regression loss: 0.01625829003751278
2019-03-11 08:28:03,754: side-refinement regression loss: 0.0436941422522068
2019-03-11 08:28:10,768: Epoch: 0/10, Iteration: 60/9000
2019-03-11 08:28:10,768: loss: 0.7307723760604858
2019-03-11 08:28:10,769: classification loss: 0.6858375668525696
2019-03-11 08:28:10,769: vertical regression loss: 0.01582137681543827
2019-03-11 08:28:10,769: side-refinement regression loss: 0.029113397002220154
2019-03-11 08:28:18,814: Epoch: 0/10, Iteration: 61/9000
2019-03-11 08:28:18,814: loss: 0.7470177412033081
2019-03-11 08:28:18,815: classification loss: 0.6862026453018188
2019-03-11 08:28:18,815: vertical regression loss: 0.017934968695044518
2019-03-11 08:28:18,815: side-refinement regression loss: 0.0428801067173481
2019-03-11 08:28:27,947: Epoch: 0/10, Iteration: 62/9000
2019-03-11 08:28:27,947: loss: 0.7399951219558716
2019-03-11 08:28:27,947: classification loss: 0.6865090131759644
2019-03-11 08:28:27,947: vertical regression loss: 0.017162922769784927
2019-03-11 08:28:27,947: side-refinement regression loss: 0.03632315993309021
2019-03-11 08:28:38,127: Epoch: 0/10, Iteration: 63/9000
2019-03-11 08:28:38,127: loss: 0.7617237567901611
2019-03-11 08:28:38,127: classification loss: 0.6936579942703247
2019-03-11 08:28:38,127: vertical regression loss: 0.016833562403917313
2019-03-11 08:28:38,127: side-refinement regression loss: 0.051232244819402695
2019-03-11 08:28:46,280: Epoch: 0/10, Iteration: 64/9000
2019-03-11 08:28:46,280: loss: 0.7439947128295898
2019-03-11 08:28:46,281: classification loss: 0.6813073754310608
2019-03-11 08:28:46,281: vertical regression loss: 0.01731206849217415
2019-03-11 08:28:46,281: side-refinement regression loss: 0.0453752726316452
2019-03-11 08:28:51,768: Epoch: 0/10, Iteration: 65/9000
2019-03-11 08:28:51,769: loss: 0.738897979259491
2019-03-11 08:28:51,769: classification loss: 0.6847802996635437
2019-03-11 08:28:51,769: vertical regression loss: 0.017567558214068413
2019-03-11 08:28:51,769: side-refinement regression loss: 0.036550093442201614
2019-03-11 08:28:59,188: Epoch: 0/10, Iteration: 66/9000
2019-03-11 08:28:59,189: loss: 0.7330202460289001
2019-03-11 08:28:59,189: classification loss: 0.6813123226165771
2019-03-11 08:28:59,189: vertical regression loss: 0.01539977453649044
2019-03-11 08:28:59,189: side-refinement regression loss: 0.03630818426609039
2019-03-11 08:29:04,483: Epoch: 0/10, Iteration: 67/9000
2019-03-11 08:29:04,483: loss: 0.7272504568099976
2019-03-11 08:29:04,483: classification loss: 0.6844540238380432
2019-03-11 08:29:04,483: vertical regression loss: 0.014064027927815914
2019-03-11 08:29:04,483: side-refinement regression loss: 0.02873242273926735
2019-03-11 08:29:10,592: Epoch: 0/10, Iteration: 68/9000
2019-03-11 08:29:10,592: loss: 0.765784502029419
2019-03-11 08:29:10,592: classification loss: 0.6968465447425842
2019-03-11 08:29:10,593: vertical regression loss: 0.014323391020298004
2019-03-11 08:29:10,593: side-refinement regression loss: 0.054614532738924026
2019-03-11 08:29:31,316: Epoch: 0/10, Iteration: 69/9000
2019-03-11 08:29:31,317: loss: 0.7480086088180542
2019-03-11 08:29:31,317: classification loss: 0.692732572555542
2019-03-11 08:29:31,317: vertical regression loss: 0.015785668045282364
2019-03-11 08:29:31,317: side-refinement regression loss: 0.03949032351374626
2019-03-11 08:29:38,463: Epoch: 0/10, Iteration: 70/9000
2019-03-11 08:29:38,463: loss: 0.7481857538223267
2019-03-11 08:29:38,463: classification loss: 0.6867243647575378
2019-03-11 08:29:38,463: vertical regression loss: 0.020189227536320686
2019-03-11 08:29:38,463: side-refinement regression loss: 0.041272152215242386
2019-03-11 08:29:44,458: Epoch: 0/10, Iteration: 71/9000
2019-03-11 08:29:44,459: loss: 0.7390018105506897
2019-03-11 08:29:44,459: classification loss: 0.6814773082733154
2019-03-11 08:29:44,459: vertical regression loss: 0.015464220196008682
2019-03-11 08:29:44,459: side-refinement regression loss: 0.0420602411031723
2019-03-11 08:29:51,050: Epoch: 0/10, Iteration: 72/9000
2019-03-11 08:29:51,050: loss: 0.7252495288848877
2019-03-11 08:29:51,050: classification loss: 0.680685818195343
2019-03-11 08:29:51,050: vertical regression loss: 0.015554281882941723
2019-03-11 08:29:51,050: side-refinement regression loss: 0.02900938130915165
2019-03-11 08:29:57,568: Epoch: 0/10, Iteration: 73/9000
2019-03-11 08:29:57,568: loss: 0.7564132809638977
2019-03-11 08:29:57,569: classification loss: 0.692988395690918
2019-03-11 08:29:57,569: vertical regression loss: 0.01606146991252899
2019-03-11 08:29:57,569: side-refinement regression loss: 0.04736340418457985
2019-03-11 08:30:04,215: Epoch: 0/10, Iteration: 74/9000
2019-03-11 08:30:04,215: loss: 0.741119384765625
2019-03-11 08:30:04,216: classification loss: 0.6853997111320496
2019-03-11 08:30:04,216: vertical regression loss: 0.016834035515785217
2019-03-11 08:30:04,216: side-refinement regression loss: 0.038885656744241714
2019-03-11 08:30:08,214: Epoch: 0/10, Iteration: 75/9000
2019-03-11 08:30:08,215: loss: 0.7194767594337463
2019-03-11 08:30:08,216: classification loss: 0.6760060787200928
2019-03-11 08:30:08,216: vertical regression loss: 0.015720617026090622
2019-03-11 08:30:08,216: side-refinement regression loss: 0.027750058099627495
2019-03-11 08:30:13,935: Epoch: 0/10, Iteration: 76/9000
2019-03-11 08:30:13,935: loss: 0.7539801597595215
2019-03-11 08:30:13,935: classification loss: 0.6825820803642273
2019-03-11 08:30:13,935: vertical regression loss: 0.01970350556075573
2019-03-11 08:30:13,935: side-refinement regression loss: 0.051694586873054504
2019-03-11 08:30:22,782: Epoch: 0/10, Iteration: 78/9000
2019-03-11 08:30:22,782: loss: 0.7435486912727356
2019-03-11 08:30:22,782: classification loss: 0.6875126361846924
2019-03-11 08:30:22,782: vertical regression loss: 0.016649655997753143
2019-03-11 08:30:22,782: side-refinement regression loss: 0.039386410266160965
2019-03-11 08:30:29,600: Epoch: 0/10, Iteration: 79/9000
2019-03-11 08:30:29,600: loss: 0.7398658990859985
2019-03-11 08:30:29,600: classification loss: 0.6875931620597839
2019-03-11 08:30:29,600: vertical regression loss: 0.016601378098130226
2019-03-11 08:30:29,600: side-refinement regression loss: 0.03567132353782654
2019-03-11 08:30:36,993: Epoch: 0/10, Iteration: 80/9000
2019-03-11 08:30:36,993: loss: 0.7437222599983215
2019-03-11 08:30:36,994: classification loss: 0.6847370266914368
2019-03-11 08:30:36,994: vertical regression loss: 0.01665485091507435
2019-03-11 08:30:36,994: side-refinement regression loss: 0.04233037680387497
2019-03-11 08:30:44,698: Epoch: 0/10, Iteration: 81/9000
2019-03-11 08:30:44,698: loss: 0.7308276295661926
2019-03-11 08:30:44,698: classification loss: 0.681703507900238
2019-03-11 08:30:44,698: vertical regression loss: 0.01581534557044506
2019-03-11 08:30:44,698: side-refinement regression loss: 0.03330882266163826
2019-03-11 08:30:46,577: Epoch: 0/10, Iteration: 82/9000
2019-03-11 08:30:46,577: loss: 0.7355068922042847
2019-03-11 08:30:46,577: classification loss: 0.6879346370697021
2019-03-11 08:30:46,577: vertical regression loss: 0.020141562446951866
2019-03-11 08:30:46,577: side-refinement regression loss: 0.027430705726146698
2019-03-11 08:30:51,882: Epoch: 0/10, Iteration: 83/9000
2019-03-11 08:30:51,882: loss: 0.7366214394569397
2019-03-11 08:30:51,882: classification loss: 0.6806217432022095
2019-03-11 08:30:51,882: vertical regression loss: 0.015724295750260353
2019-03-11 08:30:51,882: side-refinement regression loss: 0.040275391191244125
2019-03-11 08:31:01,061: Epoch: 0/10, Iteration: 84/9000
2019-03-11 08:31:01,062: loss: 0.7513365745544434
2019-03-11 08:31:01,062: classification loss: 0.6801886558532715
2019-03-11 08:31:01,062: vertical regression loss: 0.02003355510532856
2019-03-11 08:31:01,062: side-refinement regression loss: 0.05111435055732727
2019-03-11 08:31:04,331: Epoch: 0/10, Iteration: 85/9000
2019-03-11 08:31:04,331: loss: 0.7277681231498718
2019-03-11 08:31:04,331: classification loss: 0.682151198387146
2019-03-11 08:31:04,331: vertical regression loss: 0.01570325903594494
2019-03-11 08:31:04,331: side-refinement regression loss: 0.029913652688264847
2019-03-11 08:31:06,063: Epoch: 0/10, Iteration: 86/9000
2019-03-11 08:31:06,063: loss: 0.7499455213546753
2019-03-11 08:31:06,063: classification loss: 0.6927160024642944
2019-03-11 08:31:06,063: vertical regression loss: 0.017937790602445602
2019-03-11 08:31:06,063: side-refinement regression loss: 0.039291732013225555
2019-03-11 08:31:10,665: Epoch: 0/10, Iteration: 87/9000
2019-03-11 08:31:10,665: loss: 0.7265421748161316
2019-03-11 08:31:10,665: classification loss: 0.676800549030304
2019-03-11 08:31:10,665: vertical regression loss: 0.015270770527422428
2019-03-11 08:31:10,665: side-refinement regression loss: 0.03447085618972778
2019-03-11 08:31:18,996: Epoch: 0/10, Iteration: 88/9000
2019-03-11 08:31:18,996: loss: 0.7374519109725952
2019-03-11 08:31:18,996: classification loss: 0.6816270351409912
2019-03-11 08:31:18,996: vertical regression loss: 0.015444491058588028
2019-03-11 08:31:18,997: side-refinement regression loss: 0.04038034752011299
2019-03-11 08:31:27,039: Epoch: 0/10, Iteration: 89/9000
2019-03-11 08:31:27,040: loss: 0.7184374332427979
2019-03-11 08:31:27,040: classification loss: 0.6768320202827454
2019-03-11 08:31:27,040: vertical regression loss: 0.015484240837395191
2019-03-11 08:31:27,041: side-refinement regression loss: 0.026121173053979874
2019-03-11 08:31:37,620: Epoch: 0/10, Iteration: 90/9000
2019-03-11 08:31:37,621: loss: 0.7450026273727417
2019-03-11 08:31:37,621: classification loss: 0.6866209506988525
2019-03-11 08:31:37,621: vertical regression loss: 0.020735803991556168
2019-03-11 08:31:37,621: side-refinement regression loss: 0.0376458615064621
2019-03-11 08:31:45,498: Epoch: 0/10, Iteration: 91/9000
2019-03-11 08:31:45,498: loss: 0.7626810073852539
2019-03-11 08:31:45,498: classification loss: 0.6784297227859497
2019-03-11 08:31:45,498: vertical regression loss: 0.01878083124756813
2019-03-11 08:31:45,499: side-refinement regression loss: 0.06547044962644577
2019-03-11 08:31:53,817: Epoch: 0/10, Iteration: 92/9000
2019-03-11 08:31:53,817: loss: 0.7182638049125671
2019-03-11 08:31:53,817: classification loss: 0.6817144751548767
2019-03-11 08:31:53,817: vertical regression loss: 0.013361594639718533
2019-03-11 08:31:53,817: side-refinement regression loss: 0.023187749087810516
2019-03-11 08:32:00,954: Epoch: 0/10, Iteration: 93/9000
2019-03-11 08:32:00,955: loss: 0.7400102019309998
2019-03-11 08:32:00,955: classification loss: 0.6819844841957092
2019-03-11 08:32:00,955: vertical regression loss: 0.01660855859518051
2019-03-11 08:32:00,956: side-refinement regression loss: 0.041417196393013
2019-03-11 08:32:07,680: Epoch: 0/10, Iteration: 94/9000
2019-03-11 08:32:07,680: loss: 0.7317296266555786
2019-03-11 08:32:07,680: classification loss: 0.6835838556289673
2019-03-11 08:32:07,680: vertical regression loss: 0.015182663686573505
2019-03-11 08:32:07,680: side-refinement regression loss: 0.03296312317252159
2019-03-11 08:32:11,297: Epoch: 0/10, Iteration: 95/9000
2019-03-11 08:32:11,297: loss: 0.7397287487983704
2019-03-11 08:32:11,297: classification loss: 0.6802940964698792
2019-03-11 08:32:11,298: vertical regression loss: 0.015328657813370228
2019-03-11 08:32:11,298: side-refinement regression loss: 0.04410599544644356
2019-03-11 08:32:22,004: Epoch: 0/10, Iteration: 96/9000
2019-03-11 08:32:22,004: loss: 0.7345178723335266
2019-03-11 08:32:22,004: classification loss: 0.681764543056488
2019-03-11 08:32:22,004: vertical regression loss: 0.017840128391981125
2019-03-11 08:32:22,004: side-refinement regression loss: 0.03491320461034775
2019-03-11 08:32:31,346: Epoch: 0/10, Iteration: 97/9000
2019-03-11 08:32:31,346: loss: 0.7437068819999695
2019-03-11 08:32:31,346: classification loss: 0.6884791851043701
2019-03-11 08:32:31,346: vertical regression loss: 0.016190223395824432
2019-03-11 08:32:31,346: side-refinement regression loss: 0.03903745487332344
2019-03-11 08:32:35,945: Epoch: 0/10, Iteration: 98/9000
2019-03-11 08:32:35,945: loss: 0.7394347786903381
2019-03-11 08:32:35,945: classification loss: 0.6765428781509399
2019-03-11 08:32:35,945: vertical regression loss: 0.023595627397298813
2019-03-11 08:32:35,945: side-refinement regression loss: 0.039296261966228485
2019-03-11 08:32:40,987: Epoch: 0/10, Iteration: 99/9000
2019-03-11 08:32:40,987: loss: 0.7526957988739014
2019-03-11 08:32:40,987: classification loss: 0.6806268095970154
2019-03-11 08:32:40,988: vertical regression loss: 0.015389825217425823
2019-03-11 08:32:40,988: side-refinement regression loss: 0.056679219007492065
2019-03-11 08:32:49,985: Epoch: 0/10, Iteration: 100/9000
2019-03-11 08:32:49,986: loss: 0.7348957657814026
2019-03-11 08:32:49,986: classification loss: 0.6832337379455566
2019-03-11 08:32:49,986: vertical regression loss: 0.01780458725988865
2019-03-11 08:32:49,986: side-refinement regression loss: 0.033857475966215134
2019-03-11 08:32:49,986: Start evaluate at 0 epoch 100 iteration.
2019-03-11 08:36:39,278: Evaluate loss: 0.7436887403329213
2019-03-11 08:36:39,278: Evaluate vertical regression loss: 0.0172857616096735
2019-03-11 08:36:39,278: Evaluate side-refinement regression loss: 0.03947895771513383
2019-03-11 08:36:39,279: Evaluate side-refinement regression loss: 0.03947895771513383
2019-03-11 08:36:39,286: End evaluate.
2019-03-11 08:36:43,473: Epoch: 0/10, Iteration: 101/9000
2019-03-11 08:36:43,473: loss: 0.7310996055603027
2019-03-11 08:36:43,473: classification loss: 0.693093478679657
2019-03-11 08:36:43,473: vertical regression loss: 0.01805301010608673
2019-03-11 08:36:43,473: side-refinement regression loss: 0.019953155890107155
2019-03-11 08:36:48,557: Epoch: 0/10, Iteration: 102/9000
2019-03-11 08:36:48,557: loss: 0.7409946918487549
2019-03-11 08:36:48,557: classification loss: 0.6885057687759399
2019-03-11 08:36:48,557: vertical regression loss: 0.01941368542611599
2019-03-11 08:36:48,557: side-refinement regression loss: 0.0330752395093441
2019-03-11 08:36:57,236: Epoch: 0/10, Iteration: 103/9000
2019-03-11 08:36:57,236: loss: 0.731089174747467
2019-03-11 08:36:57,236: classification loss: 0.680237352848053
2019-03-11 08:36:57,236: vertical regression loss: 0.016093073412775993
2019-03-11 08:36:57,236: side-refinement regression loss: 0.03475875407457352
2019-03-11 08:37:09,964: Epoch: 0/10, Iteration: 104/9000
2019-03-11 08:37:09,964: loss: 0.7492415308952332
2019-03-11 08:37:09,964: classification loss: 0.6870322227478027
2019-03-11 08:37:09,965: vertical regression loss: 0.0186289194971323
2019-03-11 08:37:09,965: side-refinement regression loss: 0.04358043149113655
2019-03-11 08:37:17,780: Epoch: 0/10, Iteration: 105/9000
2019-03-11 08:37:17,780: loss: 0.7328237295150757
2019-03-11 08:37:17,780: classification loss: 0.6739919781684875
2019-03-11 08:37:17,780: vertical regression loss: 0.01608496904373169
2019-03-11 08:37:17,780: side-refinement regression loss: 0.042746786028146744
2019-03-11 08:37:28,553: Epoch: 0/10, Iteration: 106/9000
2019-03-11 08:37:28,553: loss: 0.7492737770080566
2019-03-11 08:37:28,553: classification loss: 0.6906104683876038
2019-03-11 08:37:28,553: vertical regression loss: 0.018460551276803017
2019-03-11 08:37:28,554: side-refinement regression loss: 0.04020276665687561
2019-03-11 08:37:32,459: Epoch: 0/10, Iteration: 107/9000
2019-03-11 08:37:32,460: loss: 0.7228305339813232
2019-03-11 08:37:32,460: classification loss: 0.6786514520645142
2019-03-11 08:37:32,460: vertical regression loss: 0.014557886868715286
2019-03-11 08:37:32,460: side-refinement regression loss: 0.029621189460158348
2019-03-11 08:37:41,876: Epoch: 0/10, Iteration: 108/9000
2019-03-11 08:37:41,876: loss: 0.7365038394927979
2019-03-11 08:37:41,876: classification loss: 0.6804190874099731
2019-03-11 08:37:41,876: vertical regression loss: 0.016852648928761482
2019-03-11 08:37:41,876: side-refinement regression loss: 0.039232075214385986
2019-03-11 08:37:50,159: Epoch: 0/10, Iteration: 109/9000
2019-03-11 08:37:50,159: loss: 0.7333123683929443
2019-03-11 08:37:50,159: classification loss: 0.6855100989341736
2019-03-11 08:37:50,159: vertical regression loss: 0.01699019968509674
2019-03-11 08:37:50,159: side-refinement regression loss: 0.030812107026576996
2019-03-11 08:37:56,903: Epoch: 0/10, Iteration: 110/9000
2019-03-11 08:37:56,903: loss: 0.7342923283576965
2019-03-11 08:37:56,903: classification loss: 0.6757663488388062
2019-03-11 08:37:56,903: vertical regression loss: 0.016219723969697952
2019-03-11 08:37:56,904: side-refinement regression loss: 0.04230627045035362
2019-03-11 08:38:05,846: Epoch: 0/10, Iteration: 111/9000
2019-03-11 08:38:05,847: loss: 0.7414252758026123
2019-03-11 08:38:05,847: classification loss: 0.6883488297462463
2019-03-11 08:38:05,847: vertical regression loss: 0.01773786172270775
2019-03-11 08:38:05,847: side-refinement regression loss: 0.03533861041069031
2019-03-11 08:38:14,319: Epoch: 0/10, Iteration: 112/9000
2019-03-11 08:38:14,320: loss: 0.73419189453125
2019-03-11 08:38:14,320: classification loss: 0.679685115814209
2019-03-11 08:38:14,320: vertical regression loss: 0.017112314701080322
2019-03-11 08:38:14,320: side-refinement regression loss: 0.037394456565380096
2019-03-11 08:38:21,513: Epoch: 0/10, Iteration: 113/9000
2019-03-11 08:38:21,513: loss: 0.7366181015968323
2019-03-11 08:38:21,513: classification loss: 0.6913356781005859
2019-03-11 08:38:21,513: vertical regression loss: 0.01869400590658188
2019-03-11 08:38:21,513: side-refinement regression loss: 0.02658841200172901
2019-03-11 08:38:27,568: Epoch: 0/10, Iteration: 114/9000
2019-03-11 08:38:27,569: loss: 0.7435865998268127
2019-03-11 08:38:27,569: classification loss: 0.6770269870758057
2019-03-11 08:38:27,569: vertical regression loss: 0.017290856689214706
2019-03-11 08:38:27,569: side-refinement regression loss: 0.04926876351237297
2019-03-11 08:38:32,512: Epoch: 0/10, Iteration: 115/9000
2019-03-11 08:38:32,512: loss: 0.7356460690498352
2019-03-11 08:38:32,512: classification loss: 0.6712660193443298
2019-03-11 08:38:32,512: vertical regression loss: 0.017175033688545227
2019-03-11 08:38:32,512: side-refinement regression loss: 0.04720500484108925
2019-03-11 08:38:36,802: Epoch: 0/10, Iteration: 116/9000
2019-03-11 08:38:36,802: loss: 0.7320694327354431
2019-03-11 08:38:36,802: classification loss: 0.6913998126983643
2019-03-11 08:38:36,802: vertical regression loss: 0.017416274175047874
2019-03-11 08:38:36,802: side-refinement regression loss: 0.023253343999385834
2019-03-11 08:38:42,943: Epoch: 0/10, Iteration: 117/9000
2019-03-11 08:38:42,943: loss: 0.7283658385276794
2019-03-11 08:38:42,943: classification loss: 0.6827437281608582
2019-03-11 08:38:42,943: vertical regression loss: 0.015479936264455318
2019-03-11 08:38:42,943: side-refinement regression loss: 0.03014218993484974
2019-03-11 08:38:51,341: Epoch: 0/10, Iteration: 118/9000
2019-03-11 08:38:51,341: loss: 0.7386713624000549
2019-03-11 08:38:51,341: classification loss: 0.6919691562652588
2019-03-11 08:38:51,341: vertical regression loss: 0.01602952554821968
2019-03-11 08:38:51,341: side-refinement regression loss: 0.03067266009747982
2019-03-11 08:39:00,547: Epoch: 0/10, Iteration: 119/9000
2019-03-11 08:39:00,548: loss: 0.7205418944358826
2019-03-11 08:39:00,548: classification loss: 0.6732336282730103
2019-03-11 08:39:00,548: vertical regression loss: 0.017701497301459312
2019-03-11 08:39:00,548: side-refinement regression loss: 0.029606735333800316
2019-03-11 08:39:06,732: Epoch: 0/10, Iteration: 120/9000
2019-03-11 08:39:06,733: loss: 0.739700198173523
2019-03-11 08:39:06,733: classification loss: 0.6843423247337341
2019-03-11 08:39:06,733: vertical regression loss: 0.016078712418675423
2019-03-11 08:39:06,733: side-refinement regression loss: 0.03927917033433914
2019-03-11 08:39:19,078: Epoch: 0/10, Iteration: 121/9000
2019-03-11 08:39:19,078: loss: 0.7253639101982117
2019-03-11 08:39:19,078: classification loss: 0.6783880591392517
2019-03-11 08:39:19,079: vertical regression loss: 0.015919217839837074
2019-03-11 08:39:19,079: side-refinement regression loss: 0.03105664625763893
2019-03-11 08:39:25,831: Epoch: 0/10, Iteration: 122/9000
2019-03-11 08:39:25,831: loss: 0.7400975227355957
2019-03-11 08:39:25,831: classification loss: 0.6781702637672424
2019-03-11 08:39:25,831: vertical regression loss: 0.018418794497847557
2019-03-11 08:39:25,831: side-refinement regression loss: 0.04350845888257027
2019-03-11 08:39:34,851: Epoch: 0/10, Iteration: 123/9000
2019-03-11 08:39:34,851: loss: 0.7338851094245911
2019-03-11 08:39:34,851: classification loss: 0.6769263744354248
2019-03-11 08:39:34,851: vertical regression loss: 0.014407473616302013
2019-03-11 08:39:34,851: side-refinement regression loss: 0.042551301419734955
2019-03-11 08:39:39,459: Epoch: 0/10, Iteration: 124/9000
2019-03-11 08:39:39,459: loss: 0.7265616655349731
2019-03-11 08:39:39,459: classification loss: 0.6636456847190857
2019-03-11 08:39:39,459: vertical regression loss: 0.016124464571475983
2019-03-11 08:39:39,459: side-refinement regression loss: 0.04679150879383087
2019-03-11 08:39:46,873: Epoch: 0/10, Iteration: 125/9000
2019-03-11 08:39:46,873: loss: 0.7342265248298645
2019-03-11 08:39:46,874: classification loss: 0.6818493604660034
2019-03-11 08:39:46,874: vertical regression loss: 0.015762384980916977
2019-03-11 08:39:46,874: side-refinement regression loss: 0.0366148017346859
2019-03-11 08:39:51,489: Epoch: 0/10, Iteration: 126/9000
2019-03-11 08:39:51,489: loss: 0.7345285415649414
2019-03-11 08:39:51,489: classification loss: 0.6653532981872559
2019-03-11 08:39:51,489: vertical regression loss: 0.015541903674602509
2019-03-11 08:39:51,489: side-refinement regression loss: 0.05363332852721214
2019-03-11 08:39:57,348: Epoch: 0/10, Iteration: 127/9000
2019-03-11 08:39:57,348: loss: 0.7337763905525208
2019-03-11 08:39:57,348: classification loss: 0.6663626432418823
2019-03-11 08:39:57,348: vertical regression loss: 0.015576096251606941
2019-03-11 08:39:57,348: side-refinement regression loss: 0.05183763802051544
2019-03-11 08:40:16,581: Epoch: 0/10, Iteration: 128/9000
2019-03-11 08:40:16,581: loss: 0.7323970794677734
2019-03-11 08:40:16,581: classification loss: 0.6726617813110352
2019-03-11 08:40:16,581: vertical regression loss: 0.016864130273461342
2019-03-11 08:40:16,581: side-refinement regression loss: 0.042871177196502686
2019-03-11 08:40:25,614: Epoch: 0/10, Iteration: 129/9000
2019-03-11 08:40:25,615: loss: 0.7427940368652344
2019-03-11 08:40:25,615: classification loss: 0.6924031376838684
2019-03-11 08:40:25,615: vertical regression loss: 0.017113760113716125
2019-03-11 08:40:25,615: side-refinement regression loss: 0.03327716886997223
2019-03-11 08:40:35,811: Epoch: 0/10, Iteration: 130/9000
2019-03-11 08:40:35,811: loss: 0.7372173070907593
2019-03-11 08:40:35,811: classification loss: 0.6775723099708557
2019-03-11 08:40:35,812: vertical regression loss: 0.01988876797258854
2019-03-11 08:40:35,812: side-refinement regression loss: 0.03975622355937958
2019-03-11 08:40:52,831: Epoch: 0/10, Iteration: 131/9000
2019-03-11 08:40:52,832: loss: 0.7458500862121582
2019-03-11 08:40:52,832: classification loss: 0.6859281063079834
2019-03-11 08:40:52,832: vertical regression loss: 0.01830711029469967
2019-03-11 08:40:52,832: side-refinement regression loss: 0.04161489009857178
2019-03-11 08:41:05,312: Epoch: 0/10, Iteration: 132/9000
2019-03-11 08:41:05,312: loss: 0.7257357835769653
2019-03-11 08:41:05,312: classification loss: 0.6784822940826416
2019-03-11 08:41:05,312: vertical regression loss: 0.017736054956912994
2019-03-11 08:41:05,312: side-refinement regression loss: 0.02951740473508835
2019-03-11 08:41:24,759: Epoch: 0/10, Iteration: 133/9000
2019-03-11 08:41:24,759: loss: 0.756396472454071
2019-03-11 08:41:24,759: classification loss: 0.6942663788795471
2019-03-11 08:41:24,759: vertical regression loss: 0.02267858386039734
2019-03-11 08:41:24,759: side-refinement regression loss: 0.03945153206586838
2019-03-11 08:41:31,502: Epoch: 0/10, Iteration: 134/9000
2019-03-11 08:41:31,503: loss: 0.7246695160865784
2019-03-11 08:41:31,504: classification loss: 0.6672281622886658
2019-03-11 08:41:31,504: vertical regression loss: 0.017334487289190292
2019-03-11 08:41:31,504: side-refinement regression loss: 0.040106866508722305
2019-03-11 08:41:37,945: Epoch: 0/10, Iteration: 135/9000
2019-03-11 08:41:37,945: loss: 0.7390503883361816
2019-03-11 08:41:37,946: classification loss: 0.673896074295044
2019-03-11 08:41:37,946: vertical regression loss: 0.017038045451045036
2019-03-11 08:41:37,946: side-refinement regression loss: 0.04811624065041542
2019-03-11 08:41:43,382: Epoch: 0/10, Iteration: 136/9000
2019-03-11 08:41:43,382: loss: 0.7443116903305054
2019-03-11 08:41:43,382: classification loss: 0.6799749732017517
2019-03-11 08:41:43,382: vertical regression loss: 0.017275145277380943
2019-03-11 08:41:43,382: side-refinement regression loss: 0.04706155136227608
2019-03-11 08:41:53,749: Epoch: 0/10, Iteration: 137/9000
2019-03-11 08:41:53,749: loss: 0.7729834318161011
2019-03-11 08:41:53,749: classification loss: 0.6938130259513855
2019-03-11 08:41:53,750: vertical regression loss: 0.0206146277487278
2019-03-11 08:41:53,750: side-refinement regression loss: 0.05855577066540718
2019-03-11 08:42:00,475: Epoch: 0/10, Iteration: 138/9000
2019-03-11 08:42:00,476: loss: 0.7307156920433044
2019-03-11 08:42:00,476: classification loss: 0.6796182990074158
2019-03-11 08:42:00,476: vertical regression loss: 0.018020551651716232
2019-03-11 08:42:00,476: side-refinement regression loss: 0.033076800405979156
2019-03-11 08:42:13,521: Epoch: 0/10, Iteration: 139/9000
2019-03-11 08:42:13,522: loss: 0.7184184193611145
2019-03-11 08:42:13,523: classification loss: 0.675671398639679
2019-03-11 08:42:13,523: vertical regression loss: 0.015561215579509735
2019-03-11 08:42:13,523: side-refinement regression loss: 0.027185801416635513
2019-03-11 08:42:21,792: Epoch: 0/10, Iteration: 140/9000
2019-03-11 08:42:21,792: loss: 0.7388160228729248
2019-03-11 08:42:21,793: classification loss: 0.6862361431121826
2019-03-11 08:42:21,793: vertical regression loss: 0.017001694068312645
2019-03-11 08:42:21,793: side-refinement regression loss: 0.03557821735739708
2019-03-11 08:42:25,731: Epoch: 0/10, Iteration: 141/9000
2019-03-11 08:42:25,731: loss: 0.7415385842323303
2019-03-11 08:42:25,731: classification loss: 0.6845567226409912
2019-03-11 08:42:25,731: vertical regression loss: 0.014569731429219246
2019-03-11 08:42:25,731: side-refinement regression loss: 0.042412105947732925
2019-03-11 08:42:32,375: Epoch: 0/10, Iteration: 142/9000
2019-03-11 08:42:32,375: loss: 0.7286244034767151
2019-03-11 08:42:32,375: classification loss: 0.6731646656990051
2019-03-11 08:42:32,375: vertical regression loss: 0.018879005685448647
2019-03-11 08:42:32,375: side-refinement regression loss: 0.03658072650432587
2019-03-11 08:42:38,644: Epoch: 0/10, Iteration: 143/9000
2019-03-11 08:42:38,644: loss: 0.738370418548584
2019-03-11 08:42:38,644: classification loss: 0.6857524514198303
2019-03-11 08:42:38,644: vertical regression loss: 0.017101828008890152
2019-03-11 08:42:38,644: side-refinement regression loss: 0.0355161689221859
2019-03-11 08:42:42,634: Epoch: 0/10, Iteration: 144/9000
2019-03-11 08:42:42,634: loss: 0.7223108410835266
2019-03-11 08:42:42,635: classification loss: 0.6793524026870728
2019-03-11 08:42:42,635: vertical regression loss: 0.017953235656023026
2019-03-11 08:42:42,635: side-refinement regression loss: 0.025005200877785683
2019-03-11 08:42:50,309: Epoch: 0/10, Iteration: 145/9000
2019-03-11 08:42:50,310: loss: 0.7295263409614563
2019-03-11 08:42:50,310: classification loss: 0.6810225248336792
2019-03-11 08:42:50,310: vertical regression loss: 0.01800691708922386
2019-03-11 08:42:50,311: side-refinement regression loss: 0.030496880412101746
2019-03-11 08:42:56,663: Epoch: 0/10, Iteration: 146/9000
2019-03-11 08:42:56,663: loss: 0.7218971252441406
2019-03-11 08:42:56,663: classification loss: 0.6618331670761108
2019-03-11 08:42:56,664: vertical regression loss: 0.014075237326323986
2019-03-11 08:42:56,664: side-refinement regression loss: 0.045988719910383224
2019-03-11 08:43:12,460: Epoch: 0/10, Iteration: 147/9000
2019-03-11 08:43:12,460: loss: 0.766343891620636
2019-03-11 08:43:12,460: classification loss: 0.6985264420509338
2019-03-11 08:43:12,460: vertical regression loss: 0.018314441666007042
2019-03-11 08:43:12,461: side-refinement regression loss: 0.04950305446982384
2019-03-11 08:43:18,902: Epoch: 0/10, Iteration: 148/9000
2019-03-11 08:43:18,903: loss: 0.7549340724945068
2019-03-11 08:43:18,903: classification loss: 0.6770337820053101
2019-03-11 08:43:18,903: vertical regression loss: 0.015411310829222202
2019-03-11 08:43:18,903: side-refinement regression loss: 0.062488965690135956
2019-03-11 08:43:27,281: Epoch: 0/10, Iteration: 149/9000
2019-03-11 08:43:27,281: loss: 0.7154656052589417
2019-03-11 08:43:27,281: classification loss: 0.6626172661781311
2019-03-11 08:43:27,282: vertical regression loss: 0.015787895768880844
2019-03-11 08:43:27,282: side-refinement regression loss: 0.0370604507625103
2019-03-11 08:43:32,450: Epoch: 0/10, Iteration: 150/9000
2019-03-11 08:43:32,450: loss: 0.7269240021705627
2019-03-11 08:43:32,450: classification loss: 0.6718482375144958
2019-03-11 08:43:32,450: vertical regression loss: 0.0159698948264122
2019-03-11 08:43:32,450: side-refinement regression loss: 0.03910588473081589
2019-03-11 08:43:42,285: Epoch: 0/10, Iteration: 151/9000
2019-03-11 08:43:42,285: loss: 0.7239068150520325
2019-03-11 08:43:42,285: classification loss: 0.6596055626869202
2019-03-11 08:43:42,285: vertical regression loss: 0.01593594066798687
2019-03-11 08:43:42,285: side-refinement regression loss: 0.0483652763068676
2019-03-11 08:43:48,890: Epoch: 0/10, Iteration: 152/9000
2019-03-11 08:43:48,891: loss: 0.7177448272705078
2019-03-11 08:43:48,891: classification loss: 0.6693113446235657
2019-03-11 08:43:48,891: vertical regression loss: 0.015195434913039207
2019-03-11 08:43:48,891: side-refinement regression loss: 0.03323804959654808
2019-03-11 08:43:54,702: Epoch: 0/10, Iteration: 153/9000
2019-03-11 08:43:54,702: loss: 0.7304176092147827
2019-03-11 08:43:54,702: classification loss: 0.6691283583641052
2019-03-11 08:43:54,702: vertical regression loss: 0.016844462603330612
2019-03-11 08:43:54,702: side-refinement regression loss: 0.044444773346185684
2019-03-11 08:44:02,399: Epoch: 0/10, Iteration: 154/9000
2019-03-11 08:44:02,399: loss: 0.7378971576690674
2019-03-11 08:44:02,399: classification loss: 0.6762222051620483
2019-03-11 08:44:02,399: vertical regression loss: 0.016728036105632782
2019-03-11 08:44:02,399: side-refinement regression loss: 0.044946908950805664
2019-03-11 08:44:07,134: Epoch: 0/10, Iteration: 155/9000
2019-03-11 08:44:07,134: loss: 0.7009773850440979
2019-03-11 08:44:07,135: classification loss: 0.6619468331336975
2019-03-11 08:44:07,135: vertical regression loss: 0.015666887164115906
2019-03-11 08:44:07,135: side-refinement regression loss: 0.023363634943962097
2019-03-11 08:44:14,350: Epoch: 0/10, Iteration: 156/9000
2019-03-11 08:44:14,350: loss: 0.7322561740875244
2019-03-11 08:44:14,350: classification loss: 0.6705850958824158
2019-03-11 08:44:14,350: vertical regression loss: 0.016398675739765167
2019-03-11 08:44:14,350: side-refinement regression loss: 0.04527239874005318
2019-03-11 08:44:22,353: Epoch: 0/10, Iteration: 157/9000
2019-03-11 08:44:22,353: loss: 0.7623823881149292
2019-03-11 08:44:22,353: classification loss: 0.7049370408058167
2019-03-11 08:44:22,353: vertical regression loss: 0.018064945936203003
2019-03-11 08:44:22,353: side-refinement regression loss: 0.03938044607639313
2019-03-11 08:44:29,575: Epoch: 0/10, Iteration: 158/9000
2019-03-11 08:44:29,575: loss: 0.7146002650260925
2019-03-11 08:44:29,575: classification loss: 0.6625482439994812
2019-03-11 08:44:29,575: vertical regression loss: 0.016173051670193672
2019-03-11 08:44:29,575: side-refinement regression loss: 0.03587896749377251
2019-03-11 08:44:40,284: Epoch: 0/10, Iteration: 160/9000
2019-03-11 08:44:40,284: loss: 0.7182050943374634
2019-03-11 08:44:40,284: classification loss: 0.6667158007621765
2019-03-11 08:44:40,284: vertical regression loss: 0.017881140112876892
2019-03-11 08:44:40,285: side-refinement regression loss: 0.03360814228653908
2019-03-11 08:44:47,691: Epoch: 0/10, Iteration: 161/9000
2019-03-11 08:44:47,691: loss: 0.7760117053985596
2019-03-11 08:44:47,691: classification loss: 0.6796455979347229
2019-03-11 08:44:47,691: vertical regression loss: 0.01794346608221531
2019-03-11 08:44:47,691: side-refinement regression loss: 0.07842268794775009
2019-03-11 08:44:53,382: Epoch: 0/10, Iteration: 162/9000
2019-03-11 08:44:53,383: loss: 0.730437695980072
2019-03-11 08:44:53,383: classification loss: 0.678182065486908
2019-03-11 08:44:53,383: vertical regression loss: 0.014434272423386574
2019-03-11 08:44:53,383: side-refinement regression loss: 0.03782135248184204
2019-03-11 08:45:03,736: Epoch: 0/10, Iteration: 163/9000
2019-03-11 08:45:03,737: loss: 0.726618766784668
2019-03-11 08:45:03,737: classification loss: 0.6801825165748596
2019-03-11 08:45:03,737: vertical regression loss: 0.01547027938067913
2019-03-11 08:45:03,737: side-refinement regression loss: 0.030965978279709816
2019-03-11 08:45:08,203: Epoch: 0/10, Iteration: 164/9000
2019-03-11 08:45:08,203: loss: 0.708276629447937
2019-03-11 08:45:08,203: classification loss: 0.6654952764511108
2019-03-11 08:45:08,203: vertical regression loss: 0.015374903567135334
2019-03-11 08:45:08,203: side-refinement regression loss: 0.02740645408630371
2019-03-11 08:45:16,548: Epoch: 0/10, Iteration: 165/9000
2019-03-11 08:45:16,548: loss: 0.7537124156951904
2019-03-11 08:45:16,548: classification loss: 0.6912810206413269
2019-03-11 08:45:16,549: vertical regression loss: 0.01800132356584072
2019-03-11 08:45:16,549: side-refinement regression loss: 0.044430047273635864
2019-03-11 08:45:19,619: Epoch: 0/10, Iteration: 166/9000
2019-03-11 08:45:19,619: loss: 0.7530015707015991
2019-03-11 08:45:19,619: classification loss: 0.6863898038864136
2019-03-11 08:45:19,619: vertical regression loss: 0.015504477545619011
2019-03-11 08:45:19,619: side-refinement regression loss: 0.051107291132211685
2019-03-11 08:45:27,943: Epoch: 0/10, Iteration: 167/9000
2019-03-11 08:45:27,943: loss: 0.7250555753707886
2019-03-11 08:45:27,943: classification loss: 0.6736540198326111
2019-03-11 08:45:27,943: vertical regression loss: 0.012688308954238892
2019-03-11 08:45:27,943: side-refinement regression loss: 0.03871322050690651
2019-03-11 08:45:34,842: Epoch: 0/10, Iteration: 168/9000
2019-03-11 08:45:34,842: loss: 0.7255256772041321
2019-03-11 08:45:34,842: classification loss: 0.6755322813987732
2019-03-11 08:45:34,842: vertical regression loss: 0.016520265489816666
2019-03-11 08:45:34,842: side-refinement regression loss: 0.033473145216703415
2019-03-11 08:45:41,603: Epoch: 0/10, Iteration: 169/9000
2019-03-11 08:45:41,604: loss: 0.7379119992256165
2019-03-11 08:45:41,604: classification loss: 0.664842963218689
2019-03-11 08:45:41,604: vertical regression loss: 0.017503011971712112
2019-03-11 08:45:41,604: side-refinement regression loss: 0.05556601285934448
2019-03-11 08:46:03,376: Epoch: 0/10, Iteration: 170/9000
2019-03-11 08:46:03,376: loss: 0.7238683700561523
2019-03-11 08:46:03,377: classification loss: 0.6565341949462891
2019-03-11 08:46:03,377: vertical regression loss: 0.015672268345952034
2019-03-11 08:46:03,377: side-refinement regression loss: 0.051661934703588486
2019-03-11 08:46:07,549: Epoch: 0/10, Iteration: 171/9000
2019-03-11 08:46:07,549: loss: 0.7607137560844421
2019-03-11 08:46:07,549: classification loss: 0.6808108687400818
2019-03-11 08:46:07,549: vertical regression loss: 0.017278971150517464
2019-03-11 08:46:07,549: side-refinement regression loss: 0.06262389570474625
2019-03-11 08:46:13,979: Epoch: 0/10, Iteration: 172/9000
2019-03-11 08:46:13,980: loss: 0.7224594950675964
2019-03-11 08:46:13,980: classification loss: 0.6656419634819031
2019-03-11 08:46:13,980: vertical regression loss: 0.016409004107117653
2019-03-11 08:46:13,981: side-refinement regression loss: 0.04040856286883354
2019-03-11 08:46:30,181: Epoch: 0/10, Iteration: 173/9000
2019-03-11 08:46:30,182: loss: 0.7464277148246765
2019-03-11 08:46:30,182: classification loss: 0.6903905272483826
2019-03-11 08:46:30,182: vertical regression loss: 0.018403733149170876
2019-03-11 08:46:30,182: side-refinement regression loss: 0.03763348609209061
2019-03-11 08:46:37,462: Epoch: 0/10, Iteration: 174/9000
2019-03-11 08:46:37,463: loss: 0.7270179390907288
2019-03-11 08:46:37,463: classification loss: 0.6771699786186218
2019-03-11 08:46:37,463: vertical regression loss: 0.013328343629837036
2019-03-11 08:46:37,463: side-refinement regression loss: 0.036519605666399
2019-03-11 08:46:40,719: Epoch: 0/10, Iteration: 175/9000
2019-03-11 08:46:40,720: loss: 0.7370733022689819
2019-03-11 08:46:40,720: classification loss: 0.6806287169456482
2019-03-11 08:46:40,720: vertical regression loss: 0.0183124840259552
2019-03-11 08:46:40,720: side-refinement regression loss: 0.038132064044475555
2019-03-11 08:46:47,738: Epoch: 0/10, Iteration: 176/9000
2019-03-11 08:46:47,738: loss: 0.728434145450592
2019-03-11 08:46:47,738: classification loss: 0.6693562865257263
2019-03-11 08:46:47,738: vertical regression loss: 0.015450055710971355
2019-03-11 08:46:47,738: side-refinement regression loss: 0.04362781345844269
2019-03-11 08:46:54,871: Epoch: 0/10, Iteration: 177/9000
2019-03-11 08:46:54,872: loss: 0.712699294090271
2019-03-11 08:46:54,872: classification loss: 0.6567186713218689
2019-03-11 08:46:54,872: vertical regression loss: 0.012741569429636002
2019-03-11 08:46:54,872: side-refinement regression loss: 0.043239034712314606
2019-03-11 08:47:03,195: Epoch: 0/10, Iteration: 178/9000
2019-03-11 08:47:03,195: loss: 0.7520762085914612
2019-03-11 08:47:03,195: classification loss: 0.6866065859794617
2019-03-11 08:47:03,195: vertical regression loss: 0.015297716483473778
2019-03-11 08:47:03,195: side-refinement regression loss: 0.05017191544175148
2019-03-11 08:47:13,240: Epoch: 0/10, Iteration: 179/9000
2019-03-11 08:47:13,241: loss: 0.7271323800086975
2019-03-11 08:47:13,241: classification loss: 0.6668670773506165
2019-03-11 08:47:13,241: vertical regression loss: 0.017948297783732414
2019-03-11 08:47:13,241: side-refinement regression loss: 0.04231705144047737
2019-03-11 08:47:23,322: Epoch: 0/10, Iteration: 180/9000
2019-03-11 08:47:23,322: loss: 0.7106898427009583
2019-03-11 08:47:23,322: classification loss: 0.6580378413200378
2019-03-11 08:47:23,322: vertical regression loss: 0.016152292490005493
2019-03-11 08:47:23,322: side-refinement regression loss: 0.036499667912721634
2019-03-11 08:47:51,603: Epoch: 0/10, Iteration: 181/9000
2019-03-11 08:47:51,603: loss: 0.7467778325080872
2019-03-11 08:47:51,603: classification loss: 0.6879099607467651
2019-03-11 08:47:51,603: vertical regression loss: 0.01951734721660614
2019-03-11 08:47:51,603: side-refinement regression loss: 0.03935050591826439
2019-03-11 08:47:55,659: Epoch: 0/10, Iteration: 182/9000
2019-03-11 08:47:55,659: loss: 0.7224463820457458
2019-03-11 08:47:55,659: classification loss: 0.6610950827598572
2019-03-11 08:47:55,660: vertical regression loss: 0.01463254913687706
2019-03-11 08:47:55,660: side-refinement regression loss: 0.0467187874019146
2019-03-11 08:48:03,673: Epoch: 0/10, Iteration: 183/9000
2019-03-11 08:48:03,673: loss: 0.719864547252655
2019-03-11 08:48:03,673: classification loss: 0.6576719284057617
2019-03-11 08:48:03,673: vertical regression loss: 0.018181446939706802
2019-03-11 08:48:03,673: side-refinement regression loss: 0.044011153280735016
2019-03-11 08:48:10,414: Epoch: 0/10, Iteration: 184/9000
2019-03-11 08:48:10,414: loss: 0.723206639289856
2019-03-11 08:48:10,414: classification loss: 0.6661791801452637
2019-03-11 08:48:10,414: vertical regression loss: 0.019180763512849808
2019-03-11 08:48:10,414: side-refinement regression loss: 0.03784669563174248
2019-03-11 08:48:17,206: Epoch: 0/10, Iteration: 185/9000
2019-03-11 08:48:17,206: loss: 0.744594931602478
2019-03-11 08:48:17,206: classification loss: 0.6761030554771423
2019-03-11 08:48:17,206: vertical regression loss: 0.020033886656165123
2019-03-11 08:48:17,206: side-refinement regression loss: 0.04845800995826721
2019-03-11 08:48:23,002: Epoch: 0/10, Iteration: 186/9000
2019-03-11 08:48:23,002: loss: 0.6998929381370544
2019-03-11 08:48:23,003: classification loss: 0.6523329615592957
2019-03-11 08:48:23,003: vertical regression loss: 0.015266123227775097
2019-03-11 08:48:23,003: side-refinement regression loss: 0.032293859869241714
2019-03-11 08:48:26,316: Epoch: 0/10, Iteration: 187/9000
2019-03-11 08:48:26,316: loss: 0.7012240290641785
2019-03-11 08:48:26,316: classification loss: 0.653272271156311
2019-03-11 08:48:26,316: vertical regression loss: 0.015107793733477592
2019-03-11 08:48:26,316: side-refinement regression loss: 0.032843973487615585
2019-03-11 08:48:38,676: Epoch: 0/10, Iteration: 188/9000
2019-03-11 08:48:38,676: loss: 0.7438462972640991
2019-03-11 08:48:38,676: classification loss: 0.6757371425628662
2019-03-11 08:48:38,676: vertical regression loss: 0.016704481095075607
2019-03-11 08:48:38,676: side-refinement regression loss: 0.05140466243028641
2019-03-11 08:48:46,985: Epoch: 0/10, Iteration: 189/9000
2019-03-11 08:48:46,985: loss: 0.735005795955658
2019-03-11 08:48:46,985: classification loss: 0.6773738265037537
2019-03-11 08:48:46,985: vertical regression loss: 0.019004443660378456
2019-03-11 08:48:46,985: side-refinement regression loss: 0.038627490401268005
2019-03-11 08:48:58,178: Epoch: 0/10, Iteration: 190/9000
2019-03-11 08:48:58,179: loss: 0.7139328718185425
2019-03-11 08:48:58,179: classification loss: 0.6573325395584106
2019-03-11 08:48:58,179: vertical regression loss: 0.014842646196484566
2019-03-11 08:48:58,179: side-refinement regression loss: 0.04175770655274391
2019-03-11 08:49:09,771: Epoch: 0/10, Iteration: 191/9000
2019-03-11 08:49:09,772: loss: 0.7050656080245972
2019-03-11 08:49:09,772: classification loss: 0.6547053456306458
2019-03-11 08:49:09,772: vertical regression loss: 0.016871420666575432
2019-03-11 08:49:09,772: side-refinement regression loss: 0.033488862216472626
2019-03-11 08:49:15,625: Epoch: 0/10, Iteration: 192/9000
2019-03-11 08:49:15,625: loss: 0.6815248131752014
2019-03-11 08:49:15,626: classification loss: 0.6510239839553833
2019-03-11 08:49:15,626: vertical regression loss: 0.014600462280213833
2019-03-11 08:49:15,626: side-refinement regression loss: 0.0159003883600235
2019-03-11 08:49:22,915: Epoch: 0/10, Iteration: 193/9000
2019-03-11 08:49:22,915: loss: 0.6990123391151428
2019-03-11 08:49:22,915: classification loss: 0.654325008392334
2019-03-11 08:49:22,915: vertical regression loss: 0.017800770699977875
2019-03-11 08:49:22,916: side-refinement regression loss: 0.02688656561076641
2019-03-11 08:49:27,964: Epoch: 0/10, Iteration: 194/9000
2019-03-11 08:49:27,964: loss: 0.6930232644081116
2019-03-11 08:49:27,964: classification loss: 0.6469888091087341
2019-03-11 08:49:27,964: vertical regression loss: 0.015015365555882454
2019-03-11 08:49:27,965: side-refinement regression loss: 0.031019099056720734
2019-03-11 08:49:37,949: Epoch: 0/10, Iteration: 196/9000
2019-03-11 08:49:37,950: loss: 0.7346139550209045
2019-03-11 08:49:37,950: classification loss: 0.690001368522644
2019-03-11 08:49:37,950: vertical regression loss: 0.014956681989133358
2019-03-11 08:49:37,950: side-refinement regression loss: 0.02965596131980419
2019-03-11 08:49:48,497: Epoch: 0/10, Iteration: 197/9000
2019-03-11 08:49:48,497: loss: 0.7053436040878296
2019-03-11 08:49:48,497: classification loss: 0.656925618648529
2019-03-11 08:49:48,497: vertical regression loss: 0.0139267947524786
2019-03-11 08:49:48,497: side-refinement regression loss: 0.03449117764830589
2019-03-11 08:49:57,933: Epoch: 0/10, Iteration: 198/9000
2019-03-11 08:49:57,933: loss: 0.7135611176490784
2019-03-11 08:49:57,933: classification loss: 0.6639987230300903
2019-03-11 08:49:57,933: vertical regression loss: 0.014909105375409126
2019-03-11 08:49:57,934: side-refinement regression loss: 0.034653324633836746
2019-03-11 08:50:01,283: Epoch: 0/10, Iteration: 199/9000
2019-03-11 08:50:01,284: loss: 0.7287717461585999
2019-03-11 08:50:01,284: classification loss: 0.6618077754974365
2019-03-11 08:50:01,284: vertical regression loss: 0.018411384895443916
2019-03-11 08:50:01,284: side-refinement regression loss: 0.048552583903074265
2019-03-11 08:50:07,351: Epoch: 0/10, Iteration: 200/9000
2019-03-11 08:50:07,351: loss: 0.7061636447906494
2019-03-11 08:50:07,351: classification loss: 0.6617588400840759
2019-03-11 08:50:07,351: vertical regression loss: 0.013421330600976944
2019-03-11 08:50:07,351: side-refinement regression loss: 0.030983444303274155
2019-03-11 08:50:07,351: Start evaluate at 0 epoch 200 iteration.
